2013-05-03 10:48:23,074 - [INFO] - from play in main 
Listening for HTTP on /0:0:0:0:0:0:0:0:9000

2013-05-03 10:48:34,029 - [ERROR] - from net.sf.ehcache.Cache in New I/O worker #1 
Unable to set localhost. This prevents creation of a GUID. Cause was: linux-t89a.site: linux-t89a.site: Nom ou service inconnu
java.net.UnknownHostException: linux-t89a.site: linux-t89a.site: Nom ou service inconnu
	at java.net.InetAddress.getLocalHost(InetAddress.java:1438) ~[na:1.7.0_17]
	at net.sf.ehcache.Cache.<clinit>(Cache.java:214) ~[ehcache-core.jar:na]
	at net.sf.ehcache.config.ConfigurationHelper.createCache(ConfigurationHelper.java:296) [ehcache-core.jar:na]
	at net.sf.ehcache.config.ConfigurationHelper.createDefaultCache(ConfigurationHelper.java:219) [ehcache-core.jar:na]
	at net.sf.ehcache.CacheManager.configure(CacheManager.java:714) [ehcache-core.jar:na]
	at net.sf.ehcache.CacheManager.doInit(CacheManager.java:431) [ehcache-core.jar:na]
	at net.sf.ehcache.CacheManager.init(CacheManager.java:374) [ehcache-core.jar:na]
	at net.sf.ehcache.CacheManager.<init>(CacheManager.java:259) [ehcache-core.jar:na]
	at net.sf.ehcache.CacheManager.newInstance(CacheManager.java:1029) [ehcache-core.jar:na]
	at net.sf.ehcache.CacheManager.newInstance(CacheManager.java:810) [ehcache-core.jar:na]
	at net.sf.ehcache.CacheManager.create(CacheManager.java:791) [ehcache-core.jar:na]
	at play.api.cache.EhCachePlugin.x$1$lzycompute(Cache.scala:121) [play_2.10.jar:2.1.1]
	at play.api.cache.EhCachePlugin.x$1(Cache.scala:120) [play_2.10.jar:2.1.1]
	at play.api.cache.EhCachePlugin.cache$lzycompute(Cache.scala:120) [play_2.10.jar:2.1.1]
	at play.api.cache.EhCachePlugin.cache(Cache.scala:120) [play_2.10.jar:2.1.1]
	at play.api.cache.EhCachePlugin.onStart(Cache.scala:138) [play_2.10.jar:2.1.1]
	at play.api.Play$$anonfun$start$1$$anonfun$apply$mcV$sp$1.apply(Play.scala:63) [play_2.10.jar:2.1.1]
	at play.api.Play$$anonfun$start$1$$anonfun$apply$mcV$sp$1.apply(Play.scala:63) [play_2.10.jar:2.1.1]
	at scala.collection.immutable.List.foreach(List.scala:309) [scala-library.jar:na]
	at play.api.Play$$anonfun$start$1.apply$mcV$sp(Play.scala:63) [play_2.10.jar:2.1.1]
	at play.api.Play$$anonfun$start$1.apply(Play.scala:63) [play_2.10.jar:2.1.1]
	at play.api.Play$$anonfun$start$1.apply(Play.scala:63) [play_2.10.jar:2.1.1]
	at play.utils.Threads$.withContextClassLoader(Threads.scala:18) [play_2.10.jar:2.1.1]
	at play.api.Play$.start(Play.scala:62) [play_2.10.jar:2.1.1]
	at play.core.ReloadableApplication$$anonfun$get$1$$anonfun$1.apply(ApplicationProvider.scala:133) [play_2.10.jar:2.1.1]
	at play.core.ReloadableApplication$$anonfun$get$1$$anonfun$1.apply(ApplicationProvider.scala:106) [play_2.10.jar:2.1.1]
	at scala.Option.map(Option.scala:145) [scala-library.jar:na]
	at play.core.ReloadableApplication$$anonfun$get$1.apply(ApplicationProvider.scala:106) [play_2.10.jar:2.1.1]
	at play.core.ReloadableApplication$$anonfun$get$1.apply(ApplicationProvider.scala:104) [play_2.10.jar:2.1.1]
	at scala.util.Either$RightProjection.flatMap(Either.scala:523) [scala-library.jar:na]
	at play.core.ReloadableApplication.get(ApplicationProvider.scala:104) [play_2.10.jar:2.1.1]
	at play.core.server.Server$class.sendHandler$1(Server.scala:56) [play_2.10.jar:2.1.1]
	at play.core.server.Server$$anonfun$getHandlerFor$4.apply(Server.scala:88) [play_2.10.jar:2.1.1]
	at play.core.server.Server$$anonfun$getHandlerFor$4.apply(Server.scala:87) [play_2.10.jar:2.1.1]
	at scala.util.Either$RightProjection.flatMap(Either.scala:523) [scala-library.jar:na]
	at play.core.server.Server$class.getHandlerFor(Server.scala:87) [play_2.10.jar:2.1.1]
	at play.core.server.NettyServer.getHandlerFor(NettyServer.scala:34) [play_2.10.jar:2.1.1]
	at play.core.server.netty.PlayDefaultUpstreamHandler$$anonfun$6.apply(PlayDefaultUpstreamHandler.scala:115) [play_2.10.jar:2.1.1]
	at play.core.server.netty.PlayDefaultUpstreamHandler$$anonfun$6.apply(PlayDefaultUpstreamHandler.scala:115) [play_2.10.jar:2.1.1]
	at scala.util.Either.fold(Either.scala:98) [scala-library.jar:na]
	at play.core.server.netty.PlayDefaultUpstreamHandler.messageReceived(PlayDefaultUpstreamHandler.scala:109) [play_2.10.jar:2.1.1]
	at org.jboss.netty.channel.SimpleChannelUpstreamHandler.handleUpstream(SimpleChannelUpstreamHandler.java:70) [netty.jar:na]
	at org.jboss.netty.channel.DefaultChannelPipeline.sendUpstream(DefaultChannelPipeline.java:560) [netty.jar:na]
	at org.jboss.netty.channel.DefaultChannelPipeline$DefaultChannelHandlerContext.sendUpstream(DefaultChannelPipeline.java:787) [netty.jar:na]
	at org.jboss.netty.handler.codec.http.HttpContentDecoder.messageReceived(HttpContentDecoder.java:108) [netty.jar:na]
	at org.jboss.netty.channel.SimpleChannelUpstreamHandler.handleUpstream(SimpleChannelUpstreamHandler.java:70) [netty.jar:na]
	at org.jboss.netty.channel.DefaultChannelPipeline.sendUpstream(DefaultChannelPipeline.java:560) [netty.jar:na]
	at org.jboss.netty.channel.DefaultChannelPipeline$DefaultChannelHandlerContext.sendUpstream(DefaultChannelPipeline.java:787) [netty.jar:na]
	at org.jboss.netty.channel.Channels.fireMessageReceived(Channels.java:296) [netty.jar:na]
	at org.jboss.netty.handler.codec.frame.FrameDecoder.unfoldAndFireMessageReceived(FrameDecoder.java:459) [netty.jar:na]
	at org.jboss.netty.handler.codec.replay.ReplayingDecoder.callDecode(ReplayingDecoder.java:536) [netty.jar:na]
	at org.jboss.netty.handler.codec.replay.ReplayingDecoder.messageReceived(ReplayingDecoder.java:435) [netty.jar:na]
	at org.jboss.netty.channel.SimpleChannelUpstreamHandler.handleUpstream(SimpleChannelUpstreamHandler.java:70) [netty.jar:na]
	at org.jboss.netty.channel.DefaultChannelPipeline.sendUpstream(DefaultChannelPipeline.java:560) [netty.jar:na]
	at org.jboss.netty.channel.DefaultChannelPipeline.sendUpstream(DefaultChannelPipeline.java:555) [netty.jar:na]
	at org.jboss.netty.channel.Channels.fireMessageReceived(Channels.java:268) [netty.jar:na]
	at org.jboss.netty.channel.Channels.fireMessageReceived(Channels.java:255) [netty.jar:na]
	at org.jboss.netty.channel.socket.nio.NioWorker.read(NioWorker.java:88) [netty.jar:na]
	at org.jboss.netty.channel.socket.nio.AbstractNioWorker.process(AbstractNioWorker.java:107) [netty.jar:na]
	at org.jboss.netty.channel.socket.nio.AbstractNioSelector.run(AbstractNioSelector.java:312) [netty.jar:na]
	at org.jboss.netty.channel.socket.nio.AbstractNioWorker.run(AbstractNioWorker.java:88) [netty.jar:na]
	at org.jboss.netty.channel.socket.nio.NioWorker.run(NioWorker.java:178) [netty.jar:na]
	at org.jboss.netty.util.ThreadRenamingRunnable.run(ThreadRenamingRunnable.java:108) [netty.jar:na]
	at org.jboss.netty.util.internal.DeadLockProofWorker$1.run(DeadLockProofWorker.java:42) [netty.jar:na]
	at java.util.concurrent.ThreadPoolExecutor.runWorker(ThreadPoolExecutor.java:1145) [na:1.7.0_17]
	at java.util.concurrent.ThreadPoolExecutor$Worker.run(ThreadPoolExecutor.java:615) [na:1.7.0_17]
	at java.lang.Thread.run(Thread.java:722) [na:1.7.0_17]
Caused by: java.net.UnknownHostException: linux-t89a.site: Nom ou service inconnu
	at java.net.Inet6AddressImpl.lookupAllHostAddr(Native Method) ~[na:1.7.0_17]
	at java.net.InetAddress$1.lookupAllHostAddr(InetAddress.java:866) ~[na:1.7.0_17]
	at java.net.InetAddress.getAddressesFromNameService(InetAddress.java:1258) ~[na:1.7.0_17]
	at java.net.InetAddress.getLocalHost(InetAddress.java:1434) ~[na:1.7.0_17]
	... 66 common frames omitted

2013-05-03 10:48:34,113 - [INFO] - from application in New I/O worker #1 
Application start...

2013-05-03 10:48:42,762 - [INFO] - from application in New I/O worker #1 
WMS Context initialized

2013-05-03 10:48:42,846 - [INFO] - from play in New I/O worker #1 
Application started (Dev)

