2013-04-30 16:45:00,773 INFO  DataSourceFactory: Gdms 2.0 Starting.
2013-04-30 16:45:00,774 INFO  DataSourceFactory: Built from revision 4ec466028fb9a947942ce13dfffc5897ddeead76
2013-04-30 16:45:00,774 INFO  DataSourceFactory: source info dir: /tmp/wms6351534867081708874.tmp/sources
2013-04-30 16:45:00,775 INFO  DataSourceFactory: temp dir: /tmp/wms6351534867081708874.tmp/temp
2013-04-30 16:45:00,775 INFO  DataSourceFactory: plugin dir: /home/mario/.OrbisGIS/4.0/plugins
2013-04-30 16:45:08,404 INFO  DataSourceFactory: Gdms 2.0 Starting.
2013-04-30 16:45:08,404 INFO  DataSourceFactory: Built from revision 4ec466028fb9a947942ce13dfffc5897ddeead76
2013-04-30 16:45:08,406 INFO  DataSourceFactory: source info dir: /tmp/wms5645678673071453094.tmp/sources
2013-04-30 16:45:08,407 INFO  DataSourceFactory: temp dir: /tmp/wms5645678673071453094.tmp/temp
2013-04-30 16:45:08,407 INFO  DataSourceFactory: plugin dir: /home/mario/.OrbisGIS/4.0/plugins
2013-04-30 16:45:12,429 INFO  WMS: Received request with following parameters: TRANSPARENT=TRUE&BBOX=-5.372757617915,9.326100042301633,41.3630420705024,51.089386147807105&CRS=EPSG:4326&VERSION=1.3.0&FORMAT=image/png&SERVICE=WMS&HEIGHT=593&LAYERS=cantons&REQUEST=GetMap&STYLES=&WIDTH=874&
2013-04-30 16:45:16,864 INFO  DataSourceFactory: Gdms is shutting down.
2013-04-30 16:45:18,900 INFO  WMS: Received request with following parameters: BBOX=2677441.0,1197822.0,1620431.0,47680.0&CRS=EPSG:27582&FORMAT=image/png&SERVICE=WMS&HEIGHT=593&LAYERS=cantons&REQUEST=GetMap&STYLES=&WIDTH=874&
2013-04-30 16:45:18,902 INFO  WMS: Received request with following parameters: BBOX=2677441.0,1197822.0,1620431.0,47680.0&CRS=EPSG:27582&VERSION=1.3.0&FORMAT=image/png&SERVICE=WMS&HEIGHT=593&LAYERS=cantons&STYLES=&WIDTH=874&
2013-04-30 16:45:18,903 INFO  WMS: Received request with following parameters: BBOX=2677441.0,1197822.0,1620431.0,47680.0&CRS=EPSG:27582&VERSION=1.3.0&FORMAT=image/png&HEIGHT=593&REQUEST=GetMap&LAYERS=cantons&STYLES=&WIDTH=874&
2013-04-30 16:45:18,904 INFO  WMS: Received request with following parameters: BBOX=2677441.0,1197822.0,1620431.0,47680.0&VERSION=1.3.0&FORMAT=image/png&SERVICE=WMS&HEIGHT=593&REQUEST=GetMap&LAYERS=cantons&STYLES=&WIDTH=874&
2013-04-30 16:45:18,904 INFO  WMS: Received request with following parameters: CRS=EPSG:27582&VERSION=1.3.0&FORMAT=image/png&SERVICE=WMS&HEIGHT=593&REQUEST=GetMap&LAYERS=cantons&STYLES=&WIDTH=874&
2013-04-30 16:45:18,904 INFO  WMS: Received request with following parameters: BBOX=2677441.0,1197822.0,1620431.0,47680.0&CRS=EPSG:27582&VERSION=1.3.0&FORMAT=image/png&SERVICE=WMS&HEIGHT=593&REQUEST=GetMap&LAYERS=cantons&STYLES=&
2013-04-30 16:45:18,906 INFO  WMS: Received request with following parameters: BBOX=2677441.0,1197822.0,1620431.0,47680.0&CRS=EPSG:27582&VERSION=1.3.0&FORMAT=image/png&SERVICE=WMS&REQUEST=GetMap&LAYERS=cantons&STYLES=&WIDTH=874&
2013-04-30 16:45:18,906 INFO  WMS: Received request with following parameters: BBOX=2677441.0,1197822.0,1620431.0,47680.0&CRS=EPSG:27582&VERSION=1.3.0&SERVICE=WMS&HEIGHT=593&REQUEST=GetMap&LAYERS=cantons&STYLES=&WIDTH=874&
2013-04-30 16:45:18,964 INFO  DataSourceFactory: Gdms is shutting down.
2013-04-30 16:45:20,005 INFO  WMS: Received request with following parameters: BBOX=2677441.0,1197822.0,1620431.0,47680.0&CRS=EPSG:27582&VERSION=1.3.0&FORMAT=image/png&SERVICE=WMS&HEIGHT=593&LAYERS=cantons&REQUEST=GetMap&STYLES=&WIDTH=874&
2013-04-30 16:45:21,350 INFO  WMS: Received request with following parameters: BBOX=2677441.0,1197822.0,1620431.0,47680.0&CRS=EPSG:27582&VERSION=1.3.0&FORMAT=image/jpeg&SERVICE=WMS&HEIGHT=593&LAYERS=cantons&REQUEST=GetMap&STYLES=&WIDTH=874&
2013-04-30 16:45:22,133 INFO  DataSourceFactory: Gdms is shutting down.
2013-05-02 10:45:01,301 INFO  DataSourceFactory: Gdms 2.0 Starting.
2013-05-02 10:45:01,302 INFO  DataSourceFactory: Built from revision 4ec466028fb9a947942ce13dfffc5897ddeead76
2013-05-02 10:45:01,302 INFO  DataSourceFactory: source info dir: /tmp/wms9063378431631010662.tmp/sources
2013-05-02 10:45:01,302 INFO  DataSourceFactory: temp dir: /tmp/wms9063378431631010662.tmp/temp
2013-05-02 10:45:01,303 INFO  DataSourceFactory: plugin dir: /home/mario/.OrbisGIS/4.0/plugins
2013-05-02 10:45:09,589 INFO  DataSourceFactory: Gdms 2.0 Starting.
2013-05-02 10:45:09,589 INFO  DataSourceFactory: Built from revision 4ec466028fb9a947942ce13dfffc5897ddeead76
2013-05-02 10:45:09,590 INFO  DataSourceFactory: source info dir: /tmp/wms451845143065569818.tmp/sources
2013-05-02 10:45:09,590 INFO  DataSourceFactory: temp dir: /tmp/wms451845143065569818.tmp/temp
2013-05-02 10:45:09,590 INFO  DataSourceFactory: plugin dir: /home/mario/.OrbisGIS/4.0/plugins
2013-05-02 10:45:13,866 INFO  WMS: Received request with following parameters: TRANSPARENT=TRUE&BBOX=-5.372757617915,9.326100042301633,41.3630420705024,51.089386147807105&CRS=EPSG:4326&VERSION=1.3.0&FORMAT=image/png&SERVICE=WMS&HEIGHT=593&LAYERS=cantons&REQUEST=GetMap&STYLES=&WIDTH=874&
2013-05-02 10:45:19,369 INFO  DataSourceFactory: Gdms is shutting down.
2013-05-02 10:45:20,927 INFO  WMS: Received request with following parameters: BBOX=2677441.0,1197822.0,1620431.0,47680.0&CRS=EPSG:27582&FORMAT=image/png&SERVICE=WMS&HEIGHT=593&LAYERS=cantons&REQUEST=GetMap&STYLES=&WIDTH=874&
2013-05-02 10:45:20,928 INFO  WMS: Received request with following parameters: BBOX=2677441.0,1197822.0,1620431.0,47680.0&CRS=EPSG:27582&VERSION=1.3.0&FORMAT=image/png&SERVICE=WMS&HEIGHT=593&LAYERS=cantons&STYLES=&WIDTH=874&
2013-05-02 10:45:20,929 INFO  WMS: Received request with following parameters: BBOX=2677441.0,1197822.0,1620431.0,47680.0&CRS=EPSG:27582&VERSION=1.3.0&FORMAT=image/png&HEIGHT=593&REQUEST=GetMap&LAYERS=cantons&STYLES=&WIDTH=874&
2013-05-02 10:45:20,929 INFO  WMS: Received request with following parameters: BBOX=2677441.0,1197822.0,1620431.0,47680.0&VERSION=1.3.0&FORMAT=image/png&SERVICE=WMS&HEIGHT=593&REQUEST=GetMap&LAYERS=cantons&STYLES=&WIDTH=874&
2013-05-02 10:45:20,929 INFO  WMS: Received request with following parameters: CRS=EPSG:27582&VERSION=1.3.0&FORMAT=image/png&SERVICE=WMS&HEIGHT=593&REQUEST=GetMap&LAYERS=cantons&STYLES=&WIDTH=874&
2013-05-02 10:45:20,930 INFO  WMS: Received request with following parameters: BBOX=2677441.0,1197822.0,1620431.0,47680.0&CRS=EPSG:27582&VERSION=1.3.0&FORMAT=image/png&SERVICE=WMS&HEIGHT=593&REQUEST=GetMap&LAYERS=cantons&STYLES=&
2013-05-02 10:45:20,931 INFO  WMS: Received request with following parameters: BBOX=2677441.0,1197822.0,1620431.0,47680.0&CRS=EPSG:27582&VERSION=1.3.0&FORMAT=image/png&SERVICE=WMS&REQUEST=GetMap&LAYERS=cantons&STYLES=&WIDTH=874&
2013-05-02 10:45:20,931 INFO  WMS: Received request with following parameters: BBOX=2677441.0,1197822.0,1620431.0,47680.0&CRS=EPSG:27582&VERSION=1.3.0&SERVICE=WMS&HEIGHT=593&REQUEST=GetMap&LAYERS=cantons&STYLES=&WIDTH=874&
2013-05-02 10:45:21,089 INFO  DataSourceFactory: Gdms is shutting down.
2013-05-02 10:45:22,114 INFO  WMS: Received request with following parameters: BBOX=2677441.0,1197822.0,1620431.0,47680.0&CRS=EPSG:27582&VERSION=1.3.0&FORMAT=image/png&SERVICE=WMS&HEIGHT=593&LAYERS=cantons&REQUEST=GetMap&STYLES=&WIDTH=874&
2013-05-02 10:45:23,439 INFO  WMS: Received request with following parameters: BBOX=2677441.0,1197822.0,1620431.0,47680.0&CRS=EPSG:27582&VERSION=1.3.0&FORMAT=image/jpeg&SERVICE=WMS&HEIGHT=593&LAYERS=cantons&REQUEST=GetMap&STYLES=&WIDTH=874&
2013-05-02 10:45:24,322 INFO  DataSourceFactory: Gdms is shutting down.
2013-05-02 11:02:51,649 INFO  DataSourceFactory: Gdms 2.0 Starting.
2013-05-02 11:02:51,651 INFO  DataSourceFactory: Built from revision 4ec466028fb9a947942ce13dfffc5897ddeead76
2013-05-02 11:02:51,651 INFO  DataSourceFactory: source info dir: /tmp/wms8371751464404128784.tmp/sources
2013-05-02 11:02:51,652 INFO  DataSourceFactory: temp dir: /tmp/wms8371751464404128784.tmp/temp
2013-05-02 11:02:51,652 INFO  DataSourceFactory: plugin dir: /home/mario/.OrbisGIS/4.0/plugins
2013-05-02 11:02:59,047 INFO  DataSourceFactory: Gdms 2.0 Starting.
2013-05-02 11:02:59,048 INFO  DataSourceFactory: Built from revision 4ec466028fb9a947942ce13dfffc5897ddeead76
2013-05-02 11:02:59,048 INFO  DataSourceFactory: source info dir: /tmp/wms1139058135059481751.tmp/sources
2013-05-02 11:02:59,048 INFO  DataSourceFactory: temp dir: /tmp/wms1139058135059481751.tmp/temp
2013-05-02 11:02:59,048 INFO  DataSourceFactory: plugin dir: /home/mario/.OrbisGIS/4.0/plugins
2013-05-02 11:03:03,101 INFO  WMS: Received request with following parameters: TRANSPARENT=TRUE&BBOX=-5.372757617915,9.326100042301633,41.3630420705024,51.089386147807105&CRS=EPSG:4326&VERSION=1.3.0&FORMAT=image/png&SERVICE=WMS&HEIGHT=593&LAYERS=cantons&REQUEST=GetMap&STYLES=&WIDTH=874&
2013-05-02 11:03:07,615 INFO  DataSourceFactory: Gdms is shutting down.
2013-05-02 11:03:09,101 INFO  WMS: Received request with following parameters: BBOX=2677441.0,1197822.0,1620431.0,47680.0&CRS=EPSG:27582&FORMAT=image/png&SERVICE=WMS&HEIGHT=593&LAYERS=cantons&REQUEST=GetMap&STYLES=&WIDTH=874&
2013-05-02 11:03:09,101 INFO  WMS: Received request with following parameters: BBOX=2677441.0,1197822.0,1620431.0,47680.0&CRS=EPSG:27582&VERSION=1.3.0&FORMAT=image/png&SERVICE=WMS&HEIGHT=593&LAYERS=cantons&STYLES=&WIDTH=874&
2013-05-02 11:03:09,102 INFO  WMS: Received request with following parameters: BBOX=2677441.0,1197822.0,1620431.0,47680.0&CRS=EPSG:27582&VERSION=1.3.0&FORMAT=image/png&HEIGHT=593&REQUEST=GetMap&LAYERS=cantons&STYLES=&WIDTH=874&
2013-05-02 11:03:09,102 INFO  WMS: Received request with following parameters: BBOX=2677441.0,1197822.0,1620431.0,47680.0&VERSION=1.3.0&FORMAT=image/png&SERVICE=WMS&HEIGHT=593&REQUEST=GetMap&LAYERS=cantons&STYLES=&WIDTH=874&
2013-05-02 11:03:09,103 INFO  WMS: Received request with following parameters: CRS=EPSG:27582&VERSION=1.3.0&FORMAT=image/png&SERVICE=WMS&HEIGHT=593&REQUEST=GetMap&LAYERS=cantons&STYLES=&WIDTH=874&
2013-05-02 11:03:09,103 INFO  WMS: Received request with following parameters: BBOX=2677441.0,1197822.0,1620431.0,47680.0&CRS=EPSG:27582&VERSION=1.3.0&FORMAT=image/png&SERVICE=WMS&HEIGHT=593&REQUEST=GetMap&LAYERS=cantons&STYLES=&
2013-05-02 11:03:09,105 INFO  WMS: Received request with following parameters: BBOX=2677441.0,1197822.0,1620431.0,47680.0&CRS=EPSG:27582&VERSION=1.3.0&FORMAT=image/png&SERVICE=WMS&REQUEST=GetMap&LAYERS=cantons&STYLES=&WIDTH=874&
2013-05-02 11:03:09,106 INFO  WMS: Received request with following parameters: BBOX=2677441.0,1197822.0,1620431.0,47680.0&CRS=EPSG:27582&VERSION=1.3.0&SERVICE=WMS&HEIGHT=593&REQUEST=GetMap&LAYERS=cantons&STYLES=&WIDTH=874&
2013-05-02 11:03:09,262 INFO  DataSourceFactory: Gdms is shutting down.
2013-05-02 11:03:10,358 INFO  WMS: Received request with following parameters: BBOX=2677441.0,1197822.0,1620431.0,47680.0&CRS=EPSG:27582&VERSION=1.3.0&FORMAT=image/png&SERVICE=WMS&HEIGHT=593&LAYERS=cantons&REQUEST=GetMap&STYLES=&WIDTH=874&
2013-05-02 11:03:11,687 INFO  WMS: Received request with following parameters: BBOX=2677441.0,1197822.0,1620431.0,47680.0&CRS=EPSG:27582&VERSION=1.3.0&FORMAT=image/jpeg&SERVICE=WMS&HEIGHT=593&LAYERS=cantons&REQUEST=GetMap&STYLES=&WIDTH=874&
2013-05-02 11:03:12,470 INFO  DataSourceFactory: Gdms is shutting down.
2013-05-03 09:19:28,278 INFO  DataSourceFactory: Gdms 2.0 Starting.
2013-05-03 09:19:28,279 INFO  DataSourceFactory: Built from revision 4ec466028fb9a947942ce13dfffc5897ddeead76
2013-05-03 09:19:28,280 INFO  DataSourceFactory: source info dir: /tmp/wms682585270060218587.tmp/sources
2013-05-03 09:19:28,280 INFO  DataSourceFactory: temp dir: /tmp/wms682585270060218587.tmp/temp
2013-05-03 09:19:28,281 INFO  DataSourceFactory: plugin dir: /home/mario/.OrbisGIS/4.0/plugins
2013-05-03 09:19:36,201 INFO  DataSourceFactory: Gdms 2.0 Starting.
2013-05-03 09:19:36,201 INFO  DataSourceFactory: Built from revision 4ec466028fb9a947942ce13dfffc5897ddeead76
2013-05-03 09:19:36,201 INFO  DataSourceFactory: source info dir: /tmp/wms4485820019407749151.tmp/sources
2013-05-03 09:19:36,201 INFO  DataSourceFactory: temp dir: /tmp/wms4485820019407749151.tmp/temp
2013-05-03 09:19:36,201 INFO  DataSourceFactory: plugin dir: /home/mario/.OrbisGIS/4.0/plugins
2013-05-03 09:19:40,180 INFO  WMS: Received request with following parameters: TRANSPARENT=TRUE&BBOX=-5.372757617915,9.326100042301633,41.3630420705024,51.089386147807105&CRS=EPSG:4326&VERSION=1.3.0&FORMAT=image/png&SERVICE=WMS&HEIGHT=593&LAYERS=cantons&REQUEST=GetMap&STYLES=&WIDTH=874&
2013-05-03 09:19:44,923 INFO  DataSourceFactory: Gdms is shutting down.
2013-05-03 09:19:46,456 INFO  WMS: Received request with following parameters: BBOX=2677441.0,1197822.0,1620431.0,47680.0&CRS=EPSG:27582&FORMAT=image/png&SERVICE=WMS&HEIGHT=593&LAYERS=cantons&REQUEST=GetMap&STYLES=&WIDTH=874&
2013-05-03 09:19:46,457 INFO  WMS: Received request with following parameters: BBOX=2677441.0,1197822.0,1620431.0,47680.0&CRS=EPSG:27582&VERSION=1.3.0&FORMAT=image/png&SERVICE=WMS&HEIGHT=593&LAYERS=cantons&STYLES=&WIDTH=874&
2013-05-03 09:19:46,457 INFO  WMS: Received request with following parameters: BBOX=2677441.0,1197822.0,1620431.0,47680.0&CRS=EPSG:27582&VERSION=1.3.0&FORMAT=image/png&HEIGHT=593&REQUEST=GetMap&LAYERS=cantons&STYLES=&WIDTH=874&
2013-05-03 09:19:46,458 INFO  WMS: Received request with following parameters: BBOX=2677441.0,1197822.0,1620431.0,47680.0&VERSION=1.3.0&FORMAT=image/png&SERVICE=WMS&HEIGHT=593&REQUEST=GetMap&LAYERS=cantons&STYLES=&WIDTH=874&
2013-05-03 09:19:46,458 INFO  WMS: Received request with following parameters: CRS=EPSG:27582&VERSION=1.3.0&FORMAT=image/png&SERVICE=WMS&HEIGHT=593&REQUEST=GetMap&LAYERS=cantons&STYLES=&WIDTH=874&
2013-05-03 09:19:46,458 INFO  WMS: Received request with following parameters: BBOX=2677441.0,1197822.0,1620431.0,47680.0&CRS=EPSG:27582&VERSION=1.3.0&FORMAT=image/png&SERVICE=WMS&HEIGHT=593&REQUEST=GetMap&LAYERS=cantons&STYLES=&
2013-05-03 09:19:46,465 INFO  WMS: Received request with following parameters: BBOX=2677441.0,1197822.0,1620431.0,47680.0&CRS=EPSG:27582&VERSION=1.3.0&FORMAT=image/png&SERVICE=WMS&REQUEST=GetMap&LAYERS=cantons&STYLES=&WIDTH=874&
2013-05-03 09:19:46,466 INFO  WMS: Received request with following parameters: BBOX=2677441.0,1197822.0,1620431.0,47680.0&CRS=EPSG:27582&VERSION=1.3.0&SERVICE=WMS&HEIGHT=593&REQUEST=GetMap&LAYERS=cantons&STYLES=&WIDTH=874&
2013-05-03 09:19:46,551 INFO  DataSourceFactory: Gdms is shutting down.
2013-05-03 09:19:47,712 INFO  WMS: Received request with following parameters: BBOX=2677441.0,1197822.0,1620431.0,47680.0&CRS=EPSG:27582&VERSION=1.3.0&FORMAT=image/png&SERVICE=WMS&HEIGHT=593&LAYERS=cantons&REQUEST=GetMap&STYLES=&WIDTH=874&
2013-05-03 09:19:49,006 INFO  WMS: Received request with following parameters: BBOX=2677441.0,1197822.0,1620431.0,47680.0&CRS=EPSG:27582&VERSION=1.3.0&FORMAT=image/jpeg&SERVICE=WMS&HEIGHT=593&LAYERS=cantons&REQUEST=GetMap&STYLES=&WIDTH=874&
2013-05-03 09:19:49,716 INFO  DataSourceFactory: Gdms is shutting down.
2013-05-03 10:44:04,191 INFO  DataSourceFactory: Gdms 2.0 Starting.
2013-05-03 10:44:04,191 INFO  DataSourceFactory: Built from revision 4ec466028fb9a947942ce13dfffc5897ddeead76
2013-05-03 10:44:04,192 INFO  DataSourceFactory: source info dir: /tmp/wms1070008980678967270.tmp/sources
2013-05-03 10:44:04,192 INFO  DataSourceFactory: temp dir: /tmp/wms1070008980678967270.tmp/temp
2013-05-03 10:44:04,192 INFO  DataSourceFactory: plugin dir: /home/mario/.OrbisGIS/4.0/plugins
2013-05-03 10:44:11,576 INFO  DataSourceFactory: Gdms 2.0 Starting.
2013-05-03 10:44:11,576 INFO  DataSourceFactory: Built from revision 4ec466028fb9a947942ce13dfffc5897ddeead76
2013-05-03 10:44:11,576 INFO  DataSourceFactory: source info dir: /tmp/wms4466645675355479334.tmp/sources
2013-05-03 10:44:11,576 INFO  DataSourceFactory: temp dir: /tmp/wms4466645675355479334.tmp/temp
2013-05-03 10:44:11,576 INFO  DataSourceFactory: plugin dir: /home/mario/.OrbisGIS/4.0/plugins
2013-05-03 10:44:15,744 INFO  WMS: Received request with following parameters: TRANSPARENT=TRUE&BBOX=-5.372757617915,9.326100042301633,41.3630420705024,51.089386147807105&CRS=EPSG:4326&VERSION=1.3.0&FORMAT=image/png&SERVICE=WMS&HEIGHT=593&LAYERS=cantons&REQUEST=GetMap&STYLES=&WIDTH=874&
2013-05-03 10:44:20,318 INFO  DataSourceFactory: Gdms is shutting down.
2013-05-03 10:44:22,125 INFO  WMS: Received request with following parameters: BBOX=2677441.0,1197822.0,1620431.0,47680.0&CRS=EPSG:27582&FORMAT=image/png&SERVICE=WMS&HEIGHT=593&LAYERS=cantons&REQUEST=GetMap&STYLES=&WIDTH=874&
2013-05-03 10:44:22,126 INFO  WMS: Received request with following parameters: BBOX=2677441.0,1197822.0,1620431.0,47680.0&CRS=EPSG:27582&VERSION=1.3.0&FORMAT=image/png&SERVICE=WMS&HEIGHT=593&LAYERS=cantons&STYLES=&WIDTH=874&
2013-05-03 10:44:22,126 INFO  WMS: Received request with following parameters: BBOX=2677441.0,1197822.0,1620431.0,47680.0&CRS=EPSG:27582&VERSION=1.3.0&FORMAT=image/png&HEIGHT=593&REQUEST=GetMap&LAYERS=cantons&STYLES=&WIDTH=874&
2013-05-03 10:44:22,127 INFO  WMS: Received request with following parameters: BBOX=2677441.0,1197822.0,1620431.0,47680.0&VERSION=1.3.0&FORMAT=image/png&SERVICE=WMS&HEIGHT=593&REQUEST=GetMap&LAYERS=cantons&STYLES=&WIDTH=874&
2013-05-03 10:44:22,127 INFO  WMS: Received request with following parameters: CRS=EPSG:27582&VERSION=1.3.0&FORMAT=image/png&SERVICE=WMS&HEIGHT=593&REQUEST=GetMap&LAYERS=cantons&STYLES=&WIDTH=874&
2013-05-03 10:44:22,127 INFO  WMS: Received request with following parameters: BBOX=2677441.0,1197822.0,1620431.0,47680.0&CRS=EPSG:27582&VERSION=1.3.0&FORMAT=image/png&SERVICE=WMS&HEIGHT=593&REQUEST=GetMap&LAYERS=cantons&STYLES=&
2013-05-03 10:44:22,128 INFO  WMS: Received request with following parameters: BBOX=2677441.0,1197822.0,1620431.0,47680.0&CRS=EPSG:27582&VERSION=1.3.0&FORMAT=image/png&SERVICE=WMS&REQUEST=GetMap&LAYERS=cantons&STYLES=&WIDTH=874&
2013-05-03 10:44:22,128 INFO  WMS: Received request with following parameters: BBOX=2677441.0,1197822.0,1620431.0,47680.0&CRS=EPSG:27582&VERSION=1.3.0&SERVICE=WMS&HEIGHT=593&REQUEST=GetMap&LAYERS=cantons&STYLES=&WIDTH=874&
2013-05-03 10:44:22,300 INFO  DataSourceFactory: Gdms is shutting down.
2013-05-03 10:44:23,329 INFO  WMS: Received request with following parameters: BBOX=2677441.0,1197822.0,1620431.0,47680.0&CRS=EPSG:27582&VERSION=1.3.0&FORMAT=image/png&SERVICE=WMS&HEIGHT=593&LAYERS=cantons&REQUEST=GetMap&STYLES=&WIDTH=874&
2013-05-03 10:44:24,636 INFO  WMS: Received request with following parameters: BBOX=2677441.0,1197822.0,1620431.0,47680.0&CRS=EPSG:27582&VERSION=1.3.0&FORMAT=image/jpeg&SERVICE=WMS&HEIGHT=593&LAYERS=cantons&REQUEST=GetMap&STYLES=&WIDTH=874&
2013-05-03 10:44:25,734 INFO  DataSourceFactory: Gdms is shutting down.
